E:\PROJECT3\PROJECT3\DEBUG\MAIN.OBJ
E:\PROJECT3\PROJECT3\DEBUG\POLY_ARRAY_VERSION.OBJ
E:\PROJECT3\PROJECT3\DEBUG\VC110.PDB
E:\PROJECT3\DEBUG\PROJECT3.ILK
E:\PROJECT3\DEBUG\PROJECT3.EXE
E:\PROJECT3\DEBUG\PROJECT3.PDB
E:\Project3\Project3\Debug\main.obj
E:\Project3\Project3\Debug\poly_array_version.obj
E:\Project3\Project3\Debug\cl.command.1.tlog
E:\Project3\Project3\Debug\CL.read.1.tlog
E:\Project3\Project3\Debug\CL.write.1.tlog
E:\Project3\Project3\Debug\link-cvtres.read.1.tlog
E:\Project3\Project3\Debug\link-cvtres.write.1.tlog
E:\Project3\Project3\Debug\link-rc.read.1.tlog
E:\Project3\Project3\Debug\link-rc.write.1.tlog
E:\Project3\Project3\Debug\link.command.1.tlog
E:\Project3\Project3\Debug\link.read.1.tlog
E:\Project3\Project3\Debug\link.write.1.tlog
E:\Project3\Project3\Debug\vc110.idb
E:\Project3\Project3\Debug\vc110.pdb
E:\Project3\Debug\Project3.pdb
E:\Project3\Debug\Project3.exe
E:\Project3\Debug\Project3.ilk
